2025-04-19 16:08:28,192 - data_collector - INFO - Starte Datensammlung...
2025-04-19 16:08:28,192 - data_collector - INFO - Sammle Daten für DAX (^GDAXI)...
2025-04-19 16:08:28,851 - data_collector - INFO - Daten für DAX gespeichert: data/raw/DAX_20250419_160828.csv (207 Datenpunkte)
2025-04-19 16:08:28,851 - data_collector - INFO - Sammle Daten für DowJones (^DJI)...
2025-04-19 16:08:29,006 - data_collector - INFO - Daten für DowJones gespeichert: data/raw/DowJones_20250419_160828.csv (161 Datenpunkte)
2025-04-19 16:08:29,006 - data_collector - INFO - Sammle Daten für USD_EUR (EURUSD=X)...
2025-04-19 16:08:29,155 - data_collector - INFO - Daten für USD_EUR gespeichert: data/raw/USD_EUR_20250419_160828.csv (547 Datenpunkte)
2025-04-19 16:08:29,155 - data_collector - INFO - Datensammlung abgeschlossen
2025-04-19 16:08:29,155 - data_collector - INFO - Zeitplan für Datensammlung eingerichtet. Sammle alle 30 Minuten.
2025-04-19 16:38:29,360 - data_collector - INFO - Starte Datensammlung...
2025-04-19 16:38:29,364 - data_collector - INFO - Sammle Daten für DAX (^GDAXI)...
2025-04-19 16:38:29,726 - data_collector - INFO - Daten für DAX gespeichert: data/raw/DAX_20250419_163829.csv (207 Datenpunkte)
2025-04-19 16:38:29,726 - data_collector - INFO - Sammle Daten für DowJones (^DJI)...
2025-04-19 16:38:29,863 - data_collector - INFO - Daten für DowJones gespeichert: data/raw/DowJones_20250419_163829.csv (161 Datenpunkte)
2025-04-19 16:38:29,864 - data_collector - INFO - Sammle Daten für USD_EUR (EURUSD=X)...
2025-04-19 16:38:30,026 - data_collector - INFO - Daten für USD_EUR gespeichert: data/raw/USD_EUR_20250419_163829.csv (547 Datenpunkte)
2025-04-19 16:38:30,026 - data_collector - INFO - Datensammlung abgeschlossen
2025-04-19 17:08:30,173 - data_collector - INFO - Starte Datensammlung...
2025-04-19 17:08:30,183 - data_collector - INFO - Sammle Daten für DAX (^GDAXI)...
2025-04-19 17:08:30,577 - data_collector - ERROR - Fehler beim Sammeln der Daten für DAX: [Errno 5] Input/output error
2025-04-19 17:08:30,577 - data_collector - INFO - Sammle Daten für DowJones (^DJI)...
2025-04-19 17:08:30,718 - data_collector - ERROR - Fehler beim Sammeln der Daten für DowJones: [Errno 5] Input/output error
2025-04-19 17:08:30,718 - data_collector - INFO - Sammle Daten für USD_EUR (EURUSD=X)...
2025-04-19 17:08:30,877 - data_collector - ERROR - Fehler beim Sammeln der Daten für USD_EUR: [Errno 5] Input/output error
2025-04-19 17:08:30,877 - data_collector - INFO - Datensammlung abgeschlossen
2025-04-19 17:38:31,079 - data_collector - INFO - Starte Datensammlung...
2025-04-19 17:38:31,088 - data_collector - INFO - Sammle Daten für DAX (^GDAXI)...
2025-04-19 17:38:31,417 - data_collector - ERROR - Fehler beim Sammeln der Daten für DAX: [Errno 5] Input/output error
2025-04-19 17:38:31,417 - data_collector - INFO - Sammle Daten für DowJones (^DJI)...
2025-04-19 17:38:31,561 - data_collector - ERROR - Fehler beim Sammeln der Daten für DowJones: [Errno 5] Input/output error
2025-04-19 17:38:31,561 - data_collector - INFO - Sammle Daten für USD_EUR (EURUSD=X)...
2025-04-19 17:38:31,702 - data_collector - ERROR - Fehler beim Sammeln der Daten für USD_EUR: [Errno 5] Input/output error
2025-04-19 17:38:31,702 - data_collector - INFO - Datensammlung abgeschlossen
2025-04-19 18:08:31,910 - data_collector - INFO - Starte Datensammlung...
2025-04-19 18:08:31,966 - data_collector - INFO - Sammle Daten für DAX (^GDAXI)...
2025-04-19 18:08:32,481 - data_collector - ERROR - Fehler beim Sammeln der Daten für DAX: [Errno 5] Input/output error
2025-04-19 18:08:32,481 - data_collector - INFO - Sammle Daten für DowJones (^DJI)...
2025-04-19 18:08:32,617 - data_collector - ERROR - Fehler beim Sammeln der Daten für DowJones: [Errno 5] Input/output error
2025-04-19 18:08:32,617 - data_collector - INFO - Sammle Daten für USD_EUR (EURUSD=X)...
2025-04-19 18:08:32,775 - data_collector - ERROR - Fehler beim Sammeln der Daten für USD_EUR: [Errno 5] Input/output error
2025-04-19 18:08:32,775 - data_collector - INFO - Datensammlung abgeschlossen
2025-04-19 18:38:32,903 - data_collector - INFO - Starte Datensammlung...
2025-04-19 18:38:32,907 - data_collector - INFO - Sammle Daten für DAX (^GDAXI)...
2025-04-19 18:38:33,275 - data_collector - ERROR - Fehler beim Sammeln der Daten für DAX: [Errno 5] Input/output error
2025-04-19 18:38:33,277 - data_collector - INFO - Sammle Daten für DowJones (^DJI)...
2025-04-19 18:38:33,407 - data_collector - ERROR - Fehler beim Sammeln der Daten für DowJones: [Errno 5] Input/output error
2025-04-19 18:38:33,408 - data_collector - INFO - Sammle Daten für USD_EUR (EURUSD=X)...
2025-04-19 18:38:33,566 - data_collector - ERROR - Fehler beim Sammeln der Daten für USD_EUR: [Errno 5] Input/output error
2025-04-19 18:38:33,566 - data_collector - INFO - Datensammlung abgeschlossen
2025-04-19 19:08:33,725 - data_collector - INFO - Starte Datensammlung...
2025-04-19 19:08:33,732 - data_collector - INFO - Sammle Daten für DAX (^GDAXI)...
2025-04-19 19:08:34,190 - data_collector - ERROR - Fehler beim Sammeln der Daten für DAX: [Errno 5] Input/output error
2025-04-19 19:08:34,190 - data_collector - INFO - Sammle Daten für DowJones (^DJI)...
2025-04-19 19:08:34,331 - data_collector - ERROR - Fehler beim Sammeln der Daten für DowJones: [Errno 5] Input/output error
2025-04-19 19:08:34,331 - data_collector - INFO - Sammle Daten für USD_EUR (EURUSD=X)...
2025-04-19 19:08:34,497 - data_collector - ERROR - Fehler beim Sammeln der Daten für USD_EUR: [Errno 5] Input/output error
2025-04-19 19:08:34,497 - data_collector - INFO - Datensammlung abgeschlossen
2025-04-19 19:38:34,623 - data_collector - INFO - Starte Datensammlung...
2025-04-19 19:38:34,632 - data_collector - INFO - Sammle Daten für DAX (^GDAXI)...
2025-04-19 19:38:35,087 - data_collector - ERROR - Fehler beim Sammeln der Daten für DAX: [Errno 5] Input/output error
2025-04-19 19:38:35,087 - data_collector - INFO - Sammle Daten für DowJones (^DJI)...
2025-04-19 19:38:35,229 - data_collector - ERROR - Fehler beim Sammeln der Daten für DowJones: [Errno 5] Input/output error
2025-04-19 19:38:35,229 - data_collector - INFO - Sammle Daten für USD_EUR (EURUSD=X)...
2025-04-19 19:38:35,388 - data_collector - ERROR - Fehler beim Sammeln der Daten für USD_EUR: [Errno 5] Input/output error
2025-04-19 19:38:35,389 - data_collector - INFO - Datensammlung abgeschlossen
2025-04-19 20:08:35,543 - data_collector - INFO - Starte Datensammlung...
2025-04-19 20:08:35,552 - data_collector - INFO - Sammle Daten für DAX (^GDAXI)...
2025-04-19 20:08:35,972 - data_collector - ERROR - Fehler beim Sammeln der Daten für DAX: [Errno 5] Input/output error
2025-04-19 20:08:35,973 - data_collector - INFO - Sammle Daten für DowJones (^DJI)...
2025-04-19 20:08:36,107 - data_collector - ERROR - Fehler beim Sammeln der Daten für DowJones: [Errno 5] Input/output error
2025-04-19 20:08:36,107 - data_collector - INFO - Sammle Daten für USD_EUR (EURUSD=X)...
2025-04-19 20:08:36,256 - data_collector - ERROR - Fehler beim Sammeln der Daten für USD_EUR: [Errno 5] Input/output error
2025-04-19 20:08:36,256 - data_collector - INFO - Datensammlung abgeschlossen
