[2025-04-19 16:33:36] [SETUP] Setting up environment...
[2025-04-19 16:33:36] [SETUP] Installing scikit-learn...
[2025-04-19 16:33:37] [SETUP] Environment setup complete
[2025-04-19 16:33:37] [DATA] Starting data collection...
[2025-04-19 16:33:37] [DATA] Collecting data for DAX (^GDAXI)...
[2025-04-19 16:33:38] [DATA] Data for DAX saved to DAX_20250419_163337.csv
[2025-04-19 16:33:38] [DATA] Collecting data for DowJones (^DJI)...
[2025-04-19 16:33:39] [DATA] Data for DowJones saved to DowJones_20250419_163337.csv
[2025-04-19 16:33:39] [DATA] Collecting data for USD_EUR (EURUSD=X)...
[2025-04-19 16:33:40] [DATA] Data for USD_EUR saved to USD_EUR_20250419_163337.csv
[2025-04-19 16:33:40] [DATA] Data collection completed
[2025-04-19 16:33:40] [TRAIN] Training randomforest model for DAX with 4 hour horizon...
[2025-04-19 16:33:40] [TRAIN] Using data file: /Users/tobiaseckhardt/financial-prediction-system/data/raw/DAX_20250419_163337.csv
[2025-04-19 16:33:43] [TRAIN] Model training completed for DAX
[2025-04-19 16:33:43] [BACKTEST] Performing backtesting for DAX with 4 hour horizon (3 days)...
[2025-04-19 16:33:43] [BACKTEST] Using data file: /Users/tobiaseckhardt/financial-prediction-system/data/raw/DAX_20250419_163337.csv
[2025-04-19 16:33:44] [BACKTEST] Backtesting completed for DAX
[2025-04-19 16:35:08] [DATA] Starting data collection...
[2025-04-19 16:35:08] [DATA] Collecting data for DAX (^GDAXI)...
[2025-04-19 16:35:10] [DATA] Data for DAX saved to DAX_20250419_163508.csv
[2025-04-19 16:35:10] [DATA] Collecting data for DowJones (^DJI)...
[2025-04-19 16:35:10] [DATA] Data for DowJones saved to DowJones_20250419_163508.csv
[2025-04-19 16:35:10] [DATA] Collecting data for USD_EUR (EURUSD=X)...
[2025-04-19 16:35:11] [DATA] Data for USD_EUR saved to USD_EUR_20250419_163508.csv
[2025-04-19 16:35:11] [DATA] Data collection completed
[2025-04-19 16:35:25] [TRAIN] Training randomforest model for DAX with 4 hour horizon...
[2025-04-19 16:35:25] [TRAIN] Using data file: /Users/tobiaseckhardt/financial-prediction-system/data/raw/DAX_20250419_163508.csv
[2025-04-19 16:35:26] [TRAIN] Model training completed for DAX
[2025-04-19 16:35:50] [BACKTEST] Performing backtesting for DAX with 4 hour horizon (3 days)...
[2025-04-19 16:35:50] [BACKTEST] Using data file: /Users/tobiaseckhardt/financial-prediction-system/data/raw/DAX_20250419_163508.csv
[2025-04-19 16:35:51] [BACKTEST] Backtesting completed for DAX
[2025-04-19 16:36:05] [DASHBOARD] Starting dashboard...
[2025-04-19 16:36:05] [DASHBOARD] Dashboard file not found. Creating a simple dashboard...
[2025-04-19 16:36:05] [DASHBOARD] Starting Streamlit dashboard...
[2025-04-19 16:36:05] [DASHBOARD] Dashboard started
[2025-04-19 16:39:35] [SETUP] Setting up environment...
[2025-04-19 16:39:36] [SETUP] Installing scikit-learn...
[2025-04-19 16:39:37] [SETUP] Environment setup complete
[2025-04-19 16:39:37] [DATA] Starting data collection...
[2025-04-19 16:39:37] [DATA] Collecting data for DAX (^GDAXI)...
[2025-04-19 16:39:38] [DATA] Data for DAX saved to DAX_20250419_163937.csv
[2025-04-19 16:39:38] [DATA] Cleaning up old files for DAX...
[2025-04-19 16:39:38] [DATA] Collecting data for DowJones (^DJI)...
[2025-04-19 16:39:39] [DATA] Data for DowJones saved to DowJones_20250419_163937.csv
[2025-04-19 16:39:39] [DATA] Cleaning up old files for DowJones...
[2025-04-19 16:39:39] [DATA] Collecting data for USD_EUR (EURUSD=X)...
[2025-04-19 16:39:39] [DATA] Data for USD_EUR saved to USD_EUR_20250419_163937.csv
[2025-04-19 16:39:39] [DATA] Cleaning up old files for USD_EUR...
[2025-04-19 16:39:39] [DATA] Data collection completed
[2025-04-19 16:39:43] [DASHBOARD] Starting dashboard...
[2025-04-19 16:39:43] [DASHBOARD] Dashboard file not found. Creating backtesting dashboard...
[2025-04-19 16:39:43] [DASHBOARD] Starting Streamlit dashboard in the current terminal...
[2025-04-19 16:41:57] [DASHBOARD] Dashboard started
